<html>
<head>
<title>TestNG:  Default test</title>
<link href="../testng.css" rel="stylesheet" type="text/css" />
<link href="../my-testng.css" rel="stylesheet" type="text/css" />

<style type="text/css">
.log { display: none;} 
.stack-trace { display: none;} 
</style>
<script type="text/javascript">
<!--
function flip(e) {
  current = e.style.display;
  if (current == 'block') {
    e.style.display = 'none';
    return 0;
  }
  else {
    e.style.display = 'block';
    return 1;
  }
}

function toggleBox(szDivId, elem, msg1, msg2)
{
  var res = -1;  if (document.getElementById) {
    res = flip(document.getElementById(szDivId));
  }
  else if (document.all) {
    // this is the way old msie versions work
    res = flip(document.all[szDivId]);
  }
  if(elem) {
    if(res == 0) elem.innerHTML = msg1; else elem.innerHTML = msg2;
  }

}

function toggleAllBoxes() {
  if (document.getElementsByTagName) {
    d = document.getElementsByTagName('div');
    for (i = 0; i < d.length; i++) {
      if (d[i].className == 'log') {
        flip(d[i]);
      }
    }
  }
}

// -->
</script>

</head>
<body>
<h2 align='center'>Default test</h2><table border='1' align="center">
<tr>
<td>Tests passed/Failed/Skipped:</td><td>1/2/0</td>
</tr><tr>
<td>Started on:</td><td>Wed Dec 20 06:50:47 GMT 2023</td>
</tr>
<tr><td>Total time:</td><td>29 seconds (29512 ms)</td>
</tr><tr>
<td>Included groups:</td><td></td>
</tr><tr>
<td>Excluded groups:</td><td></td>
</tr>
</table><p/>
<small><i>(Hover the method name to see the test class name)</i></small><p/>
<table width='100%' border='1' class='invocation-failed'>
<tr><td colspan='4' align='center'><b>FAILED TESTS</b></td></tr>
<tr><td><b>Test method</b></td>
<td><b>Attribute(s)</b></td>
<td width="30%"><b>Exception</b></td>
<td width="10%"><b>Time (seconds)</b></td>
<td><b>Instance</b></td>
</tr>
<tr>
<td title='runners.StoreOrderRunner.runScenario()'><b>runScenario</b><br>Test class: runners.StoreOrderRunner<br>Test method: Runs Cucumber Scenarios<br>Parameters: "Add Items to cart", "Add Item to cart"</td>
<td><div><pre>org.openqa.selenium.NoSuchElementException: Unable to find element with locator By.xpath: //a[text()=&apos;Nokia lumia 1520&apos;]
For documentation on this error, please visit: https://www.selenium.dev/documentation/webdriver/troubleshooting/errors#no-such-element-exception
Build info: version: &apos;4.14.0&apos;, revision: &apos;e5a96349ce&apos;
System info: os.name: &apos;Windows Server 2019&apos;, os.arch: &apos;amd64&apos;, os.version: &apos;10.0&apos;, java.version: &apos;16.0.2&apos;
Driver info: driver.version: RemoteWebDriver
	at org.openqa.selenium.remote.ElementLocation$ElementFinder$2.findElement(ElementLocation.java:168)
	at org.openqa.selenium.remote.ElementLocation.findElement(ElementLocation.java:59)
	at org.openqa.selenium.remote.RemoteWebDriver.findElement(RemoteWebDriver.java:359)
	at org.openqa.selenium.remote.RemoteWebDriver.findElement(RemoteWebDriver.java:353)
	at org.openqa.selenium.support.pagefactory.DefaultElementLocator.findElement(DefaultElementLocator.java:68)
	at org.openqa.selenium.support.pagefactory.internal.LocatingElementHandler.invoke(LocatingElementHandler.java:38)
	at jdk.proxy2/jdk.proxy2.$Proxy25.click(Unknown Source)
	at pages.AddToCartPage.addItems(AddToCartPage.java:31)
	at stepDefs.StoreOrderStepDef.add_an_item_to_cart(StoreOrderStepDef.java:45)
	at ?.Add an item to cart(file:///C:/Users/Administrator/eclipse-workspace/MyCucumberProject/src/test/resources/features/store.feature:10)
</pre></div><a href='#' onClick='toggleBox("stack-trace264767425", this, "Click to show all stack frames", "Click to hide stack frames")'>Click to show all stack frames</a>
<div class='stack-trace' id='stack-trace264767425'><pre>org.openqa.selenium.NoSuchElementException: Unable to find element with locator By.xpath: //a[text()=&apos;Nokia lumia 1520&apos;]
For documentation on this error, please visit: https://www.selenium.dev/documentation/webdriver/troubleshooting/errors#no-such-element-exception
Build info: version: &apos;4.14.0&apos;, revision: &apos;e5a96349ce&apos;
System info: os.name: &apos;Windows Server 2019&apos;, os.arch: &apos;amd64&apos;, os.version: &apos;10.0&apos;, java.version: &apos;16.0.2&apos;
Driver info: driver.version: RemoteWebDriver
	at org.openqa.selenium.remote.ElementLocation$ElementFinder$2.findElement(ElementLocation.java:168)
	at org.openqa.selenium.remote.ElementLocation.findElement(ElementLocation.java:59)
	at org.openqa.selenium.remote.RemoteWebDriver.findElement(RemoteWebDriver.java:359)
	at org.openqa.selenium.remote.RemoteWebDriver.findElement(RemoteWebDriver.java:353)
	at org.openqa.selenium.support.pagefactory.DefaultElementLocator.findElement(DefaultElementLocator.java:68)
	at org.openqa.selenium.support.pagefactory.internal.LocatingElementHandler.invoke(LocatingElementHandler.java:38)
	at jdk.proxy2/jdk.proxy2.$Proxy25.click(Unknown Source)
	at pages.AddToCartPage.addItems(AddToCartPage.java:31)
	at stepDefs.StoreOrderStepDef.add_an_item_to_cart(StoreOrderStepDef.java:45)
	at ?.Add an item to cart(file:///C:/Users/Administrator/eclipse-workspace/MyCucumberProject/src/test/resources/features/store.feature:10)
</pre></div></td>
<td>12</td>
<td>runners.StoreOrderRunner@54c5a2ff</td></tr>
<tr>
<td title='runners.StoreOrderRunner.runScenario()'><b>runScenario</b><br>Test class: runners.StoreOrderRunner<br>Test method: Runs Cucumber Scenarios<br>Parameters: "Delete an Item", "Add Item to cart"</td>
<td><div><pre>java.lang.AssertionError: expected [true] but found [false]
	at org.testng.Assert.fail(Assert.java:110)
	at org.testng.Assert.failNotEquals(Assert.java:1413)
	at org.testng.Assert.assertTrue(Assert.java:56)
	at org.testng.Assert.assertTrue(Assert.java:66)
	at stepDefs.StoreOrderStepDef.user_should_be_on_home_page(StoreOrderStepDef.java:40)
	at ?.User should be on Home page(file:///C:/Users/Administrator/eclipse-workspace/MyCucumberProject/src/test/resources/features/store.feature:6)
</pre></div><a href='#' onClick='toggleBox("stack-trace1480805145", this, "Click to show all stack frames", "Click to hide stack frames")'>Click to show all stack frames</a>
<div class='stack-trace' id='stack-trace1480805145'><pre>java.lang.AssertionError: expected [true] but found [false]
	at org.testng.Assert.fail(Assert.java:110)
	at org.testng.Assert.failNotEquals(Assert.java:1413)
	at org.testng.Assert.assertTrue(Assert.java:56)
	at org.testng.Assert.assertTrue(Assert.java:66)
	at stepDefs.StoreOrderStepDef.user_should_be_on_home_page(StoreOrderStepDef.java:40)
	at ?.User should be on Home page(file:///C:/Users/Administrator/eclipse-workspace/MyCucumberProject/src/test/resources/features/store.feature:6)
</pre></div></td>
<td>7</td>
<td>runners.StoreOrderRunner@54c5a2ff</td></tr>
</table><p>
<table width='100%' border='1' class='invocation-passed'>
<tr><td colspan='4' align='center'><b>PASSED TESTS</b></td></tr>
<tr><td><b>Test method</b></td>
<td><b>Attribute(s)</b></td>
<td width="30%"><b>Exception</b></td>
<td width="10%"><b>Time (seconds)</b></td>
<td><b>Instance</b></td>
</tr>
<tr>
<td title='runners.StoreOrderRunner.runScenario()'><b>runScenario</b><br>Test class: runners.StoreOrderRunner<br>Test method: Runs Cucumber Scenarios<br>Parameters: "Place Order", "Add Item to cart"</td>
<td></td>
<td>9</td>
<td>runners.StoreOrderRunner@54c5a2ff</td></tr>
</table><p>
</body>
</html>